<?xml version="1.0" encoding="UTF-8"?>
<coverage generated="1696833533879" clover="3.2.0">
  <project timestamp="1696833533880" name="All files">
    <metrics statements="23" coveredstatements="23" conditionals="4" coveredconditionals="4" methods="2" coveredmethods="2" elements="29" coveredelements="29" complexity="0" loc="23" ncloc="23" packages="1" files="1" classes="1"/>
    <file name="fibonacciMemoization.ts" path="E:\Development\TypeScript_Algorithm\src\recursion\fibonacciMemoization.ts">
      <metrics statements="23" coveredstatements="23" conditionals="4" coveredconditionals="4" methods="2" coveredmethods="2"/>
      <line num="1" count="1" type="stmt"/>
      <line num="2" count="1" type="stmt"/>
      <line num="3" count="1" type="stmt"/>
      <line num="4" count="1" type="stmt"/>
      <line num="5" count="1" type="stmt"/>
      <line num="6" count="1" type="stmt"/>
      <line num="7" count="1" type="stmt"/>
      <line num="8" count="1" type="stmt"/>
      <line num="9" count="11" type="cond" truecount="1" falsecount="0"/>
      <line num="10" count="11" type="stmt"/>
      <line num="11" count="11" type="stmt"/>
      <line num="12" count="11" type="stmt"/>
      <line num="13" count="11" type="stmt"/>
      <line num="14" count="11" type="stmt"/>
      <line num="15" count="1" type="stmt"/>
      <line num="16" count="101" type="cond" truecount="1" falsecount="0"/>
      <line num="17" count="101" type="cond" truecount="1" falsecount="0"/>
      <line num="18" count="45" type="cond" truecount="1" falsecount="0"/>
      <line num="19" count="45" type="stmt"/>
      <line num="20" count="45" type="stmt"/>
      <line num="21" count="45" type="stmt"/>
      <line num="22" count="45" type="stmt"/>
      <line num="23" count="45" type="stmt"/>
    </file>
  </project>
</coverage>
