<?xml version="1.0" encoding="UTF-8"?>
<coverage generated="1696070775632" clover="3.2.0">
  <project timestamp="1696070775632" name="All files">
    <metrics statements="27" coveredstatements="27" conditionals="4" coveredconditionals="4" methods="1" coveredmethods="1" elements="32" coveredelements="32" complexity="0" loc="27" ncloc="27" packages="1" files="1" classes="1"/>
    <file name="rightmost.ts" path="E:\Development\TypeScript_Algorithm\src\binarySearch\rightmost.ts">
      <metrics statements="27" coveredstatements="27" conditionals="4" coveredconditionals="4" methods="1" coveredmethods="1"/>
      <line num="1" count="1" type="stmt"/>
      <line num="2" count="1" type="stmt"/>
      <line num="3" count="1" type="stmt"/>
      <line num="4" count="1" type="stmt"/>
      <line num="5" count="1" type="stmt"/>
      <line num="6" count="1" type="stmt"/>
      <line num="7" count="1" type="stmt"/>
      <line num="8" count="1" type="stmt"/>
      <line num="9" count="1" type="stmt"/>
      <line num="10" count="1" type="stmt"/>
      <line num="11" count="1" type="stmt"/>
      <line num="12" count="1" type="stmt"/>
      <line num="13" count="1" type="stmt"/>
      <line num="14" count="1" type="stmt"/>
      <line num="15" count="9" type="cond" truecount="1" falsecount="0"/>
      <line num="16" count="9" type="stmt"/>
      <line num="17" count="9" type="stmt"/>
      <line num="18" count="9" type="cond" truecount="1" falsecount="0"/>
      <line num="19" count="30" type="stmt"/>
      <line num="20" count="30" type="cond" truecount="1" falsecount="0"/>
      <line num="21" count="12" type="stmt"/>
      <line num="22" count="30" type="cond" truecount="1" falsecount="0"/>
      <line num="23" count="18" type="stmt"/>
      <line num="24" count="18" type="stmt"/>
      <line num="25" count="30" type="stmt"/>
      <line num="26" count="9" type="stmt"/>
      <line num="27" count="9" type="stmt"/>
    </file>
  </project>
</coverage>
