{"E:\\Development\\TypeScript_Algorithm\\src\\linkedList\\singlyLinkedList.ts": {"path":"E:\\Development\\TypeScript_Algorithm\\src\\linkedList\\singlyLinkedList.ts","all":false,"statementMap":{"0":{"start":{"line":1,"column":0},"end":{"line":1,"column":80}},"1":{"start":{"line":2,"column":0},"end":{"line":2,"column":43}},"2":{"start":{"line":3,"column":0},"end":{"line":3,"column":17}},"3":{"start":{"line":4,"column":0},"end":{"line":4,"column":2}},"4":{"start":{"line":5,"column":0},"end":{"line":5,"column":21}},"5":{"start":{"line":6,"column":0},"end":{"line":6,"column":28}},"6":{"start":{"line":7,"column":0},"end":{"line":7,"column":80}},"7":{"start":{"line":8,"column":0},"end":{"line":8,"column":0}},"8":{"start":{"line":9,"column":0},"end":{"line":9,"column":3}},"9":{"start":{"line":10,"column":0},"end":{"line":10,"column":8}},"10":{"start":{"line":11,"column":0},"end":{"line":11,"column":3}},"11":{"start":{"line":12,"column":0},"end":{"line":12,"column":25}},"12":{"start":{"line":13,"column":0},"end":{"line":13,"column":22}},"13":{"start":{"line":14,"column":0},"end":{"line":14,"column":43}},"14":{"start":{"line":15,"column":0},"end":{"line":15,"column":0}},"15":{"start":{"line":16,"column":0},"end":{"line":16,"column":64}},"16":{"start":{"line":17,"column":0},"end":{"line":17,"column":22}},"17":{"start":{"line":18,"column":0},"end":{"line":18,"column":20}},"18":{"start":{"line":19,"column":0},"end":{"line":19,"column":3}},"19":{"start":{"line":20,"column":0},"end":{"line":20,"column":1}},"20":{"start":{"line":21,"column":0},"end":{"line":21,"column":0}},"21":{"start":{"line":22,"column":0},"end":{"line":22,"column":3}},"22":{"start":{"line":23,"column":0},"end":{"line":23,"column":8}},"23":{"start":{"line":24,"column":0},"end":{"line":24,"column":3}},"24":{"start":{"line":25,"column":0},"end":{"line":25,"column":34}},"25":{"start":{"line":26,"column":0},"end":{"line":26,"column":61}},"26":{"start":{"line":27,"column":0},"end":{"line":27,"column":0}},"27":{"start":{"line":28,"column":0},"end":{"line":28,"column":5}},"28":{"start":{"line":29,"column":0},"end":{"line":29,"column":13}},"29":{"start":{"line":30,"column":0},"end":{"line":30,"column":21}},"30":{"start":{"line":31,"column":0},"end":{"line":31,"column":5}},"31":{"start":{"line":32,"column":0},"end":{"line":32,"column":28}},"32":{"start":{"line":33,"column":0},"end":{"line":33,"column":25}},"33":{"start":{"line":34,"column":0},"end":{"line":34,"column":3}},"34":{"start":{"line":35,"column":0},"end":{"line":35,"column":0}},"35":{"start":{"line":36,"column":0},"end":{"line":36,"column":5}},"36":{"start":{"line":37,"column":0},"end":{"line":37,"column":15}},"37":{"start":{"line":38,"column":0},"end":{"line":38,"column":25}},"38":{"start":{"line":39,"column":0},"end":{"line":39,"column":5}},"39":{"start":{"line":40,"column":0},"end":{"line":40,"column":54}},"40":{"start":{"line":41,"column":0},"end":{"line":41,"column":26}},"41":{"start":{"line":42,"column":0},"end":{"line":42,"column":24}},"42":{"start":{"line":43,"column":0},"end":{"line":43,"column":24}},"43":{"start":{"line":44,"column":0},"end":{"line":44,"column":16}},"44":{"start":{"line":45,"column":0},"end":{"line":45,"column":5}},"45":{"start":{"line":46,"column":0},"end":{"line":46,"column":3}},"46":{"start":{"line":47,"column":0},"end":{"line":47,"column":0}},"47":{"start":{"line":48,"column":0},"end":{"line":48,"column":5}},"48":{"start":{"line":49,"column":0},"end":{"line":49,"column":13}},"49":{"start":{"line":50,"column":0},"end":{"line":50,"column":25}},"50":{"start":{"line":51,"column":0},"end":{"line":51,"column":5}},"51":{"start":{"line":52,"column":0},"end":{"line":52,"column":52}},"52":{"start":{"line":53,"column":0},"end":{"line":53,"column":58}},"53":{"start":{"line":54,"column":0},"end":{"line":54,"column":24}},"54":{"start":{"line":55,"column":0},"end":{"line":55,"column":5}},"55":{"start":{"line":56,"column":0},"end":{"line":56,"column":3}},"56":{"start":{"line":57,"column":0},"end":{"line":57,"column":0}},"57":{"start":{"line":58,"column":0},"end":{"line":58,"column":5}},"58":{"start":{"line":59,"column":0},"end":{"line":59,"column":10}},"59":{"start":{"line":60,"column":0},"end":{"line":60,"column":24}},"60":{"start":{"line":61,"column":0},"end":{"line":61,"column":5}},"61":{"start":{"line":62,"column":0},"end":{"line":62,"column":48}},"62":{"start":{"line":63,"column":0},"end":{"line":63,"column":21}},"63":{"start":{"line":64,"column":0},"end":{"line":64,"column":29}},"64":{"start":{"line":65,"column":0},"end":{"line":65,"column":16}},"65":{"start":{"line":66,"column":0},"end":{"line":66,"column":5}},"66":{"start":{"line":67,"column":0},"end":{"line":67,"column":12}},"67":{"start":{"line":68,"column":0},"end":{"line":68,"column":3}},"68":{"start":{"line":69,"column":0},"end":{"line":69,"column":0}},"69":{"start":{"line":70,"column":0},"end":{"line":70,"column":5}},"70":{"start":{"line":71,"column":0},"end":{"line":71,"column":13}},"71":{"start":{"line":72,"column":0},"end":{"line":72,"column":21}},"72":{"start":{"line":73,"column":0},"end":{"line":73,"column":5}},"73":{"start":{"line":74,"column":0},"end":{"line":74,"column":27}},"74":{"start":{"line":75,"column":0},"end":{"line":75,"column":32}},"75":{"start":{"line":76,"column":0},"end":{"line":76,"column":11}},"76":{"start":{"line":77,"column":0},"end":{"line":77,"column":51}},"77":{"start":{"line":78,"column":0},"end":{"line":78,"column":3}},"78":{"start":{"line":79,"column":0},"end":{"line":79,"column":0}},"79":{"start":{"line":80,"column":0},"end":{"line":80,"column":5}},"80":{"start":{"line":81,"column":0},"end":{"line":81,"column":15}},"81":{"start":{"line":82,"column":0},"end":{"line":82,"column":20}},"82":{"start":{"line":83,"column":0},"end":{"line":83,"column":27}},"83":{"start":{"line":84,"column":0},"end":{"line":84,"column":5}},"84":{"start":{"line":85,"column":0},"end":{"line":85,"column":61}},"85":{"start":{"line":86,"column":0},"end":{"line":86,"column":92}},"86":{"start":{"line":87,"column":0},"end":{"line":87,"column":24}},"87":{"start":{"line":88,"column":0},"end":{"line":88,"column":16}},"88":{"start":{"line":89,"column":0},"end":{"line":89,"column":7}},"89":{"start":{"line":90,"column":0},"end":{"line":90,"column":5}},"90":{"start":{"line":91,"column":0},"end":{"line":91,"column":22}},"91":{"start":{"line":92,"column":0},"end":{"line":92,"column":3}},"92":{"start":{"line":93,"column":0},"end":{"line":93,"column":0}},"93":{"start":{"line":94,"column":0},"end":{"line":94,"column":5}},"94":{"start":{"line":95,"column":0},"end":{"line":95,"column":17}},"95":{"start":{"line":96,"column":0},"end":{"line":96,"column":20}},"96":{"start":{"line":97,"column":0},"end":{"line":97,"column":20}},"97":{"start":{"line":98,"column":0},"end":{"line":98,"column":5}},"98":{"start":{"line":99,"column":0},"end":{"line":99,"column":25}},"99":{"start":{"line":100,"column":0},"end":{"line":100,"column":37}},"100":{"start":{"line":101,"column":0},"end":{"line":101,"column":24}},"101":{"start":{"line":102,"column":0},"end":{"line":102,"column":15}},"102":{"start":{"line":103,"column":0},"end":{"line":103,"column":30}},"103":{"start":{"line":104,"column":0},"end":{"line":104,"column":5}},"104":{"start":{"line":105,"column":0},"end":{"line":105,"column":19}},"105":{"start":{"line":106,"column":0},"end":{"line":106,"column":22}},"106":{"start":{"line":107,"column":0},"end":{"line":107,"column":3}},"107":{"start":{"line":108,"column":0},"end":{"line":108,"column":0}},"108":{"start":{"line":109,"column":0},"end":{"line":109,"column":5}},"109":{"start":{"line":110,"column":0},"end":{"line":110,"column":15}},"110":{"start":{"line":111,"column":0},"end":{"line":111,"column":20}},"111":{"start":{"line":112,"column":0},"end":{"line":112,"column":24}},"112":{"start":{"line":113,"column":0},"end":{"line":113,"column":5}},"113":{"start":{"line":114,"column":0},"end":{"line":114,"column":41}},"114":{"start":{"line":115,"column":0},"end":{"line":115,"column":14}},"115":{"start":{"line":116,"column":0},"end":{"line":116,"column":40}},"116":{"start":{"line":117,"column":0},"end":{"line":117,"column":12}},"117":{"start":{"line":118,"column":0},"end":{"line":118,"column":70}},"118":{"start":{"line":119,"column":0},"end":{"line":119,"column":14}},"119":{"start":{"line":120,"column":0},"end":{"line":120,"column":23}},"120":{"start":{"line":121,"column":0},"end":{"line":121,"column":32}},"121":{"start":{"line":122,"column":0},"end":{"line":122,"column":5}},"122":{"start":{"line":123,"column":0},"end":{"line":123,"column":17}},"123":{"start":{"line":124,"column":0},"end":{"line":124,"column":22}},"124":{"start":{"line":125,"column":0},"end":{"line":125,"column":3}},"125":{"start":{"line":126,"column":0},"end":{"line":126,"column":0}},"126":{"start":{"line":127,"column":0},"end":{"line":127,"column":5}},"127":{"start":{"line":128,"column":0},"end":{"line":128,"column":12}},"128":{"start":{"line":129,"column":0},"end":{"line":129,"column":5}},"129":{"start":{"line":130,"column":0},"end":{"line":130,"column":23}},"130":{"start":{"line":131,"column":0},"end":{"line":131,"column":34}},"131":{"start":{"line":132,"column":0},"end":{"line":132,"column":30}},"132":{"start":{"line":133,"column":0},"end":{"line":133,"column":5}},"133":{"start":{"line":134,"column":0},"end":{"line":134,"column":40}},"134":{"start":{"line":135,"column":0},"end":{"line":135,"column":3}},"135":{"start":{"line":136,"column":0},"end":{"line":136,"column":0}},"136":{"start":{"line":137,"column":0},"end":{"line":137,"column":5}},"137":{"start":{"line":138,"column":0},"end":{"line":138,"column":15}},"138":{"start":{"line":139,"column":0},"end":{"line":139,"column":27}},"139":{"start":{"line":140,"column":0},"end":{"line":140,"column":5}},"140":{"start":{"line":141,"column":0},"end":{"line":141,"column":31}},"141":{"start":{"line":142,"column":0},"end":{"line":142,"column":14}},"142":{"start":{"line":143,"column":0},"end":{"line":143,"column":40}},"143":{"start":{"line":144,"column":0},"end":{"line":144,"column":45}},"144":{"start":{"line":145,"column":0},"end":{"line":145,"column":32}},"145":{"start":{"line":146,"column":0},"end":{"line":146,"column":5}},"146":{"start":{"line":147,"column":0},"end":{"line":147,"column":20}},"147":{"start":{"line":148,"column":0},"end":{"line":148,"column":28}},"148":{"start":{"line":149,"column":0},"end":{"line":149,"column":3}},"149":{"start":{"line":150,"column":0},"end":{"line":150,"column":1}}},"s":{"0":1,"1":1,"2":1,"3":1,"4":1,"5":1,"6":1,"7":1,"8":1,"9":1,"10":1,"11":1,"12":1,"13":1,"14":1,"15":1,"16":40,"17":40,"18":40,"19":1,"20":1,"21":1,"22":1,"23":1,"24":8,"25":8,"26":8,"27":8,"28":8,"29":8,"30":8,"31":8,"32":9,"33":9,"34":8,"35":8,"36":8,"37":8,"38":8,"39":8,"40":1,"41":1,"42":3,"43":3,"44":3,"45":1,"46":8,"47":8,"48":8,"49":8,"50":8,"51":8,"52":2,"53":7,"54":7,"55":2,"56":8,"57":8,"58":8,"59":8,"60":8,"61":8,"62":19,"63":19,"64":32,"65":32,"66":19,"67":19,"68":8,"69":8,"70":8,"71":8,"72":8,"73":8,"74":19,"75":19,"76":19,"77":19,"78":8,"79":8,"80":8,"81":8,"82":8,"83":8,"84":8,"85":37,"86":97,"87":27,"88":27,"89":97,"90":10,"91":10,"92":8,"93":8,"94":8,"95":8,"96":8,"97":8,"98":8,"99":7,"100":7,"101":2,"102":2,"103":2,"104":5,"105":5,"106":5,"107":8,"108":8,"109":8,"110":8,"111":8,"112":8,"113":8,"114":13,"115":13,"116":13,"117":13,"118":13,"119":13,"120":1,"121":1,"122":12,"123":12,"124":12,"125":8,"126":8,"127":8,"128":8,"129":8,"130":2,"131":1,"132":1,"133":1,"134":1,"135":8,"136":8,"137":8,"138":8,"139":8,"140":8,"141":4,"142":4,"143":4,"144":3,"145":3,"146":1,"147":1,"148":1,"149":8},"branchMap":{"0":{"type":"branch","line":16,"loc":{"start":{"line":16,"column":2},"end":{"line":19,"column":3}},"locations":[{"start":{"line":16,"column":2},"end":{"line":19,"column":3}}]},"1":{"type":"branch","line":25,"loc":{"start":{"line":25,"column":0},"end":{"line":150,"column":1}},"locations":[{"start":{"line":25,"column":0},"end":{"line":150,"column":1}}]},"2":{"type":"branch","line":32,"loc":{"start":{"line":32,"column":2},"end":{"line":34,"column":3}},"locations":[{"start":{"line":32,"column":2},"end":{"line":34,"column":3}}]},"3":{"type":"branch","line":40,"loc":{"start":{"line":40,"column":2},"end":{"line":46,"column":3}},"locations":[{"start":{"line":40,"column":2},"end":{"line":46,"column":3}}]},"4":{"type":"branch","line":42,"loc":{"start":{"line":42,"column":23},"end":{"line":45,"column":5}},"locations":[{"start":{"line":42,"column":23},"end":{"line":45,"column":5}}]},"5":{"type":"branch","line":52,"loc":{"start":{"line":52,"column":2},"end":{"line":56,"column":3}},"locations":[{"start":{"line":52,"column":2},"end":{"line":56,"column":3}}]},"6":{"type":"branch","line":53,"loc":{"start":{"line":53,"column":57},"end":{"line":55,"column":5}},"locations":[{"start":{"line":53,"column":57},"end":{"line":55,"column":5}}]},"7":{"type":"branch","line":62,"loc":{"start":{"line":62,"column":10},"end":{"line":68,"column":3}},"locations":[{"start":{"line":62,"column":10},"end":{"line":68,"column":3}}]},"8":{"type":"branch","line":64,"loc":{"start":{"line":64,"column":28},"end":{"line":66,"column":5}},"locations":[{"start":{"line":64,"column":28},"end":{"line":66,"column":5}}]},"9":{"type":"branch","line":74,"loc":{"start":{"line":74,"column":2},"end":{"line":78,"column":3}},"locations":[{"start":{"line":74,"column":2},"end":{"line":78,"column":3}}]},"10":{"type":"branch","line":85,"loc":{"start":{"line":85,"column":10},"end":{"line":92,"column":3}},"locations":[{"start":{"line":85,"column":10},"end":{"line":92,"column":3}}]},"11":{"type":"branch","line":86,"loc":{"start":{"line":86,"column":91},"end":{"line":90,"column":5}},"locations":[{"start":{"line":86,"column":91},"end":{"line":90,"column":5}}]},"12":{"type":"branch","line":87,"loc":{"start":{"line":87,"column":23},"end":{"line":89,"column":7}},"locations":[{"start":{"line":87,"column":23},"end":{"line":89,"column":7}}]},"13":{"type":"branch","line":91,"loc":{"start":{"line":91,"column":-2},"end":{"line":92,"column":3}},"locations":[{"start":{"line":91,"column":-2},"end":{"line":92,"column":3}}]},"14":{"type":"branch","line":99,"loc":{"start":{"line":99,"column":2},"end":{"line":107,"column":3}},"locations":[{"start":{"line":99,"column":2},"end":{"line":107,"column":3}}]},"15":{"type":"branch","line":101,"loc":{"start":{"line":101,"column":23},"end":{"line":104,"column":5}},"locations":[{"start":{"line":101,"column":23},"end":{"line":104,"column":5}}]},"16":{"type":"branch","line":105,"loc":{"start":{"line":105,"column":-2},"end":{"line":107,"column":3}},"locations":[{"start":{"line":105,"column":-2},"end":{"line":107,"column":3}}]},"17":{"type":"branch","line":114,"loc":{"start":{"line":114,"column":2},"end":{"line":125,"column":3}},"locations":[{"start":{"line":114,"column":2},"end":{"line":125,"column":3}}]},"18":{"type":"branch","line":120,"loc":{"start":{"line":120,"column":22},"end":{"line":122,"column":5}},"locations":[{"start":{"line":120,"column":22},"end":{"line":122,"column":5}}]},"19":{"type":"branch","line":123,"loc":{"start":{"line":123,"column":-2},"end":{"line":125,"column":3}},"locations":[{"start":{"line":123,"column":-2},"end":{"line":125,"column":3}}]},"20":{"type":"branch","line":130,"loc":{"start":{"line":130,"column":2},"end":{"line":135,"column":3}},"locations":[{"start":{"line":130,"column":2},"end":{"line":135,"column":3}}]},"21":{"type":"branch","line":131,"loc":{"start":{"line":131,"column":33},"end":{"line":135,"column":3}},"locations":[{"start":{"line":131,"column":33},"end":{"line":135,"column":3}}]},"22":{"type":"branch","line":141,"loc":{"start":{"line":141,"column":2},"end":{"line":149,"column":3}},"locations":[{"start":{"line":141,"column":2},"end":{"line":149,"column":3}}]},"23":{"type":"branch","line":144,"loc":{"start":{"line":144,"column":11},"end":{"line":144,"column":13}},"locations":[{"start":{"line":144,"column":11},"end":{"line":144,"column":13}}]},"24":{"type":"branch","line":144,"loc":{"start":{"line":144,"column":11},"end":{"line":144,"column":13}},"locations":[{"start":{"line":144,"column":11},"end":{"line":144,"column":13}}]},"25":{"type":"branch","line":144,"loc":{"start":{"line":144,"column":11},"end":{"line":144,"column":17}},"locations":[{"start":{"line":144,"column":11},"end":{"line":144,"column":17}}]},"26":{"type":"branch","line":144,"loc":{"start":{"line":144,"column":26},"end":{"line":144,"column":42}},"locations":[{"start":{"line":144,"column":26},"end":{"line":144,"column":42}}]},"27":{"type":"branch","line":144,"loc":{"start":{"line":144,"column":44},"end":{"line":146,"column":5}},"locations":[{"start":{"line":144,"column":44},"end":{"line":146,"column":5}}]},"28":{"type":"branch","line":147,"loc":{"start":{"line":147,"column":-2},"end":{"line":149,"column":3}},"locations":[{"start":{"line":147,"column":-2},"end":{"line":149,"column":3}}]}},"b":{"0":[40],"1":[8],"2":[9],"3":[1],"4":[3],"5":[2],"6":[7],"7":[19],"8":[32],"9":[19],"10":[37],"11":[97],"12":[27],"13":[10],"14":[7],"15":[2],"16":[5],"17":[13],"18":[1],"19":[12],"20":[2],"21":[1],"22":[4],"23":[3],"24":[1],"25":[3],"26":[2],"27":[3],"28":[1]},"fnMap":{"0":{"name":"LinkedListNode","decl":{"start":{"line":16,"column":2},"end":{"line":19,"column":3}},"loc":{"start":{"line":16,"column":2},"end":{"line":19,"column":3}},"line":16},"1":{"name":"SinglyLinkedList","decl":{"start":{"line":25,"column":0},"end":{"line":150,"column":1}},"loc":{"start":{"line":25,"column":0},"end":{"line":150,"column":1}},"line":25},"2":{"name":"addFirst","decl":{"start":{"line":32,"column":2},"end":{"line":34,"column":3}},"loc":{"start":{"line":32,"column":2},"end":{"line":34,"column":3}},"line":32},"3":{"name":"traversalWhile","decl":{"start":{"line":40,"column":2},"end":{"line":46,"column":3}},"loc":{"start":{"line":40,"column":2},"end":{"line":46,"column":3}},"line":40},"4":{"name":"traversalFor","decl":{"start":{"line":52,"column":2},"end":{"line":56,"column":3}},"loc":{"start":{"line":52,"column":2},"end":{"line":56,"column":3}},"line":52},"5":{"name":"findLast","decl":{"start":{"line":62,"column":10},"end":{"line":68,"column":3}},"loc":{"start":{"line":62,"column":10},"end":{"line":68,"column":3}},"line":62},"6":{"name":"addLast","decl":{"start":{"line":74,"column":2},"end":{"line":78,"column":3}},"loc":{"start":{"line":74,"column":2},"end":{"line":78,"column":3}},"line":74},"7":{"name":"findNode","decl":{"start":{"line":85,"column":10},"end":{"line":92,"column":3}},"loc":{"start":{"line":85,"column":10},"end":{"line":92,"column":3}},"line":85},"8":{"name":"get","decl":{"start":{"line":99,"column":2},"end":{"line":107,"column":3}},"loc":{"start":{"line":99,"column":2},"end":{"line":107,"column":3}},"line":99},"9":{"name":"insert","decl":{"start":{"line":114,"column":2},"end":{"line":125,"column":3}},"loc":{"start":{"line":114,"column":2},"end":{"line":125,"column":3}},"line":114},"10":{"name":"removeFirst","decl":{"start":{"line":130,"column":2},"end":{"line":135,"column":3}},"loc":{"start":{"line":130,"column":2},"end":{"line":135,"column":3}},"line":130},"11":{"name":"remove","decl":{"start":{"line":141,"column":2},"end":{"line":149,"column":3}},"loc":{"start":{"line":141,"column":2},"end":{"line":149,"column":3}},"line":141}},"f":{"0":40,"1":8,"2":9,"3":1,"4":2,"5":19,"6":19,"7":37,"8":7,"9":13,"10":2,"11":4}}
}
