{"E:\\Development\\TypeScript_Algorithm\\src\\linkedList\\doublyCircularLinkedList.ts": {"path":"E:\\Development\\TypeScript_Algorithm\\src\\linkedList\\doublyCircularLinkedList.ts","all":false,"statementMap":{"0":{"start":{"line":1,"column":0},"end":{"line":1,"column":80}},"1":{"start":{"line":2,"column":0},"end":{"line":2,"column":51}},"2":{"start":{"line":3,"column":0},"end":{"line":3,"column":15}},"3":{"start":{"line":4,"column":0},"end":{"line":4,"column":2}},"4":{"start":{"line":5,"column":0},"end":{"line":5,"column":21}},"5":{"start":{"line":6,"column":0},"end":{"line":6,"column":28}},"6":{"start":{"line":7,"column":0},"end":{"line":7,"column":80}},"7":{"start":{"line":8,"column":0},"end":{"line":8,"column":0}},"8":{"start":{"line":9,"column":0},"end":{"line":9,"column":3}},"9":{"start":{"line":10,"column":0},"end":{"line":10,"column":5}},"10":{"start":{"line":11,"column":0},"end":{"line":11,"column":3}},"11":{"start":{"line":12,"column":0},"end":{"line":12,"column":25}},"12":{"start":{"line":13,"column":0},"end":{"line":13,"column":32}},"13":{"start":{"line":14,"column":0},"end":{"line":14,"column":17}},"14":{"start":{"line":15,"column":0},"end":{"line":15,"column":32}},"15":{"start":{"line":16,"column":0},"end":{"line":16,"column":0}},"16":{"start":{"line":17,"column":0},"end":{"line":17,"column":96}},"17":{"start":{"line":18,"column":0},"end":{"line":18,"column":20}},"18":{"start":{"line":19,"column":0},"end":{"line":19,"column":22}},"19":{"start":{"line":20,"column":0},"end":{"line":20,"column":20}},"20":{"start":{"line":21,"column":0},"end":{"line":21,"column":3}},"21":{"start":{"line":22,"column":0},"end":{"line":22,"column":1}},"22":{"start":{"line":23,"column":0},"end":{"line":23,"column":0}},"23":{"start":{"line":24,"column":0},"end":{"line":24,"column":3}},"24":{"start":{"line":25,"column":0},"end":{"line":25,"column":13}},"25":{"start":{"line":26,"column":0},"end":{"line":26,"column":3}},"26":{"start":{"line":27,"column":0},"end":{"line":27,"column":42}},"27":{"start":{"line":28,"column":0},"end":{"line":28,"column":7}},"28":{"start":{"line":29,"column":0},"end":{"line":29,"column":38}},"29":{"start":{"line":30,"column":0},"end":{"line":30,"column":0}},"30":{"start":{"line":31,"column":0},"end":{"line":31,"column":17}},"31":{"start":{"line":32,"column":0},"end":{"line":32,"column":59}},"32":{"start":{"line":33,"column":0},"end":{"line":33,"column":38}},"33":{"start":{"line":34,"column":0},"end":{"line":34,"column":38}},"34":{"start":{"line":35,"column":0},"end":{"line":35,"column":3}},"35":{"start":{"line":36,"column":0},"end":{"line":36,"column":0}},"36":{"start":{"line":37,"column":0},"end":{"line":37,"column":5}},"37":{"start":{"line":38,"column":0},"end":{"line":38,"column":15}},"38":{"start":{"line":39,"column":0},"end":{"line":39,"column":23}},"39":{"start":{"line":40,"column":0},"end":{"line":40,"column":5}},"40":{"start":{"line":41,"column":0},"end":{"line":41,"column":28}},"41":{"start":{"line":42,"column":0},"end":{"line":42,"column":30}},"42":{"start":{"line":43,"column":0},"end":{"line":43,"column":35}},"43":{"start":{"line":44,"column":0},"end":{"line":44,"column":60}},"44":{"start":{"line":45,"column":0},"end":{"line":45,"column":23}},"45":{"start":{"line":46,"column":0},"end":{"line":46,"column":24}},"46":{"start":{"line":47,"column":0},"end":{"line":47,"column":3}},"47":{"start":{"line":48,"column":0},"end":{"line":48,"column":0}},"48":{"start":{"line":49,"column":0},"end":{"line":49,"column":5}},"49":{"start":{"line":50,"column":0},"end":{"line":50,"column":15}},"50":{"start":{"line":51,"column":0},"end":{"line":51,"column":23}},"51":{"start":{"line":52,"column":0},"end":{"line":52,"column":5}},"52":{"start":{"line":53,"column":0},"end":{"line":53,"column":27}},"53":{"start":{"line":54,"column":0},"end":{"line":54,"column":35}},"54":{"start":{"line":55,"column":0},"end":{"line":55,"column":30}},"55":{"start":{"line":56,"column":0},"end":{"line":56,"column":60}},"56":{"start":{"line":57,"column":0},"end":{"line":57,"column":24}},"57":{"start":{"line":58,"column":0},"end":{"line":58,"column":23}},"58":{"start":{"line":59,"column":0},"end":{"line":59,"column":3}},"59":{"start":{"line":60,"column":0},"end":{"line":60,"column":0}},"60":{"start":{"line":61,"column":0},"end":{"line":61,"column":5}},"61":{"start":{"line":62,"column":0},"end":{"line":62,"column":16}},"62":{"start":{"line":63,"column":0},"end":{"line":63,"column":23}},"63":{"start":{"line":64,"column":0},"end":{"line":64,"column":36}},"64":{"start":{"line":65,"column":0},"end":{"line":65,"column":5}},"65":{"start":{"line":66,"column":0},"end":{"line":66,"column":61}},"66":{"start":{"line":67,"column":0},"end":{"line":67,"column":96}},"67":{"start":{"line":68,"column":0},"end":{"line":68,"column":24}},"68":{"start":{"line":69,"column":0},"end":{"line":69,"column":16}},"69":{"start":{"line":70,"column":0},"end":{"line":70,"column":7}},"70":{"start":{"line":71,"column":0},"end":{"line":71,"column":5}},"71":{"start":{"line":72,"column":0},"end":{"line":72,"column":10}},"72":{"start":{"line":73,"column":0},"end":{"line":73,"column":15}},"73":{"start":{"line":74,"column":0},"end":{"line":74,"column":3}},"74":{"start":{"line":75,"column":0},"end":{"line":75,"column":0}},"75":{"start":{"line":76,"column":0},"end":{"line":76,"column":5}},"76":{"start":{"line":77,"column":0},"end":{"line":77,"column":18}},"77":{"start":{"line":78,"column":0},"end":{"line":78,"column":25}},"78":{"start":{"line":79,"column":0},"end":{"line":79,"column":23}},"79":{"start":{"line":80,"column":0},"end":{"line":80,"column":5}},"80":{"start":{"line":81,"column":0},"end":{"line":81,"column":41}},"81":{"start":{"line":82,"column":0},"end":{"line":82,"column":22}},"82":{"start":{"line":83,"column":0},"end":{"line":83,"column":26}},"83":{"start":{"line":84,"column":0},"end":{"line":84,"column":12}},"84":{"start":{"line":85,"column":0},"end":{"line":85,"column":5}},"85":{"start":{"line":86,"column":0},"end":{"line":86,"column":37}},"86":{"start":{"line":87,"column":0},"end":{"line":87,"column":24}},"87":{"start":{"line":88,"column":0},"end":{"line":88,"column":30}},"88":{"start":{"line":89,"column":0},"end":{"line":89,"column":5}},"89":{"start":{"line":90,"column":0},"end":{"line":90,"column":27}},"90":{"start":{"line":91,"column":0},"end":{"line":91,"column":60}},"91":{"start":{"line":92,"column":0},"end":{"line":92,"column":23}},"92":{"start":{"line":93,"column":0},"end":{"line":93,"column":23}},"93":{"start":{"line":94,"column":0},"end":{"line":94,"column":3}},"94":{"start":{"line":95,"column":0},"end":{"line":95,"column":0}},"95":{"start":{"line":96,"column":0},"end":{"line":96,"column":5}},"96":{"start":{"line":97,"column":0},"end":{"line":97,"column":12}},"97":{"start":{"line":98,"column":0},"end":{"line":98,"column":5}},"98":{"start":{"line":99,"column":0},"end":{"line":99,"column":23}},"99":{"start":{"line":100,"column":0},"end":{"line":100,"column":40}},"100":{"start":{"line":101,"column":0},"end":{"line":101,"column":38}},"101":{"start":{"line":102,"column":0},"end":{"line":102,"column":30}},"102":{"start":{"line":103,"column":0},"end":{"line":103,"column":5}},"103":{"start":{"line":104,"column":0},"end":{"line":104,"column":30}},"104":{"start":{"line":105,"column":0},"end":{"line":105,"column":33}},"105":{"start":{"line":106,"column":0},"end":{"line":106,"column":20}},"106":{"start":{"line":107,"column":0},"end":{"line":107,"column":20}},"107":{"start":{"line":108,"column":0},"end":{"line":108,"column":3}},"108":{"start":{"line":109,"column":0},"end":{"line":109,"column":0}},"109":{"start":{"line":110,"column":0},"end":{"line":110,"column":5}},"110":{"start":{"line":111,"column":0},"end":{"line":111,"column":13}},"111":{"start":{"line":112,"column":0},"end":{"line":112,"column":5}},"112":{"start":{"line":113,"column":0},"end":{"line":113,"column":22}},"113":{"start":{"line":114,"column":0},"end":{"line":114,"column":39}},"114":{"start":{"line":115,"column":0},"end":{"line":115,"column":37}},"115":{"start":{"line":116,"column":0},"end":{"line":116,"column":30}},"116":{"start":{"line":117,"column":0},"end":{"line":117,"column":5}},"117":{"start":{"line":118,"column":0},"end":{"line":118,"column":32}},"118":{"start":{"line":119,"column":0},"end":{"line":119,"column":30}},"119":{"start":{"line":120,"column":0},"end":{"line":120,"column":20}},"120":{"start":{"line":121,"column":0},"end":{"line":121,"column":20}},"121":{"start":{"line":122,"column":0},"end":{"line":122,"column":3}},"122":{"start":{"line":123,"column":0},"end":{"line":123,"column":0}},"123":{"start":{"line":124,"column":0},"end":{"line":124,"column":5}},"124":{"start":{"line":125,"column":0},"end":{"line":125,"column":18}},"125":{"start":{"line":126,"column":0},"end":{"line":126,"column":25}},"126":{"start":{"line":127,"column":0},"end":{"line":127,"column":5}},"127":{"start":{"line":128,"column":0},"end":{"line":128,"column":31}},"128":{"start":{"line":129,"column":0},"end":{"line":129,"column":22}},"129":{"start":{"line":130,"column":0},"end":{"line":130,"column":24}},"130":{"start":{"line":131,"column":0},"end":{"line":131,"column":12}},"131":{"start":{"line":132,"column":0},"end":{"line":132,"column":5}},"132":{"start":{"line":133,"column":0},"end":{"line":133,"column":43}},"133":{"start":{"line":134,"column":0},"end":{"line":134,"column":30}},"134":{"start":{"line":135,"column":0},"end":{"line":135,"column":30}},"135":{"start":{"line":136,"column":0},"end":{"line":136,"column":5}},"136":{"start":{"line":137,"column":0},"end":{"line":137,"column":33}},"137":{"start":{"line":138,"column":0},"end":{"line":138,"column":33}},"138":{"start":{"line":139,"column":0},"end":{"line":139,"column":20}},"139":{"start":{"line":140,"column":0},"end":{"line":140,"column":20}},"140":{"start":{"line":141,"column":0},"end":{"line":141,"column":3}},"141":{"start":{"line":142,"column":0},"end":{"line":142,"column":0}},"142":{"start":{"line":143,"column":0},"end":{"line":143,"column":5}},"143":{"start":{"line":144,"column":0},"end":{"line":144,"column":12}},"144":{"start":{"line":145,"column":0},"end":{"line":145,"column":22}},"145":{"start":{"line":146,"column":0},"end":{"line":146,"column":5}},"146":{"start":{"line":147,"column":0},"end":{"line":147,"column":63}},"147":{"start":{"line":148,"column":0},"end":{"line":148,"column":31}},"148":{"start":{"line":149,"column":0},"end":{"line":149,"column":33}},"149":{"start":{"line":150,"column":0},"end":{"line":150,"column":30}},"150":{"start":{"line":151,"column":0},"end":{"line":151,"column":16}},"151":{"start":{"line":152,"column":0},"end":{"line":152,"column":7}},"152":{"start":{"line":153,"column":0},"end":{"line":153,"column":17}},"153":{"start":{"line":154,"column":0},"end":{"line":154,"column":5}},"154":{"start":{"line":155,"column":0},"end":{"line":155,"column":15}},"155":{"start":{"line":156,"column":0},"end":{"line":156,"column":3}},"156":{"start":{"line":157,"column":0},"end":{"line":157,"column":0}},"157":{"start":{"line":158,"column":0},"end":{"line":158,"column":5}},"158":{"start":{"line":159,"column":0},"end":{"line":159,"column":12}},"159":{"start":{"line":160,"column":0},"end":{"line":160,"column":23}},"160":{"start":{"line":161,"column":0},"end":{"line":161,"column":5}},"161":{"start":{"line":162,"column":0},"end":{"line":162,"column":33}},"162":{"start":{"line":163,"column":0},"end":{"line":163,"column":50}},"163":{"start":{"line":164,"column":0},"end":{"line":164,"column":30}},"164":{"start":{"line":165,"column":0},"end":{"line":165,"column":31}},"165":{"start":{"line":166,"column":0},"end":{"line":166,"column":5}},"166":{"start":{"line":167,"column":0},"end":{"line":167,"column":33}},"167":{"start":{"line":168,"column":0},"end":{"line":168,"column":33}},"168":{"start":{"line":169,"column":0},"end":{"line":169,"column":20}},"169":{"start":{"line":170,"column":0},"end":{"line":170,"column":20}},"170":{"start":{"line":171,"column":0},"end":{"line":171,"column":3}},"171":{"start":{"line":172,"column":0},"end":{"line":172,"column":0}},"172":{"start":{"line":173,"column":0},"end":{"line":173,"column":5}},"173":{"start":{"line":174,"column":0},"end":{"line":174,"column":9}},"174":{"start":{"line":175,"column":0},"end":{"line":175,"column":25}},"175":{"start":{"line":176,"column":0},"end":{"line":176,"column":5}},"176":{"start":{"line":177,"column":0},"end":{"line":177,"column":49}},"177":{"start":{"line":178,"column":0},"end":{"line":178,"column":72}},"178":{"start":{"line":179,"column":0},"end":{"line":179,"column":25}},"179":{"start":{"line":180,"column":0},"end":{"line":180,"column":5}},"180":{"start":{"line":181,"column":0},"end":{"line":181,"column":3}},"181":{"start":{"line":182,"column":0},"end":{"line":182,"column":1}}},"s":{"0":1,"1":1,"2":1,"3":1,"4":1,"5":1,"6":1,"7":1,"8":1,"9":1,"10":1,"11":1,"12":1,"13":1,"14":1,"15":1,"16":1,"17":27,"18":27,"19":27,"20":27,"21":1,"22":1,"23":1,"24":1,"25":1,"26":1,"27":1,"28":1,"29":1,"30":1,"31":5,"32":5,"33":5,"34":5,"35":1,"36":1,"37":1,"38":1,"39":1,"40":1,"41":4,"42":4,"43":4,"44":4,"45":4,"46":4,"47":1,"48":1,"49":1,"50":1,"51":1,"52":1,"53":14,"54":14,"55":14,"56":14,"57":14,"58":14,"59":1,"60":1,"61":1,"62":1,"63":1,"64":1,"65":1,"66":9,"67":30,"68":6,"69":6,"70":30,"71":3,"72":3,"73":3,"74":1,"75":1,"76":1,"77":1,"78":1,"79":1,"80":1,"81":8,"82":2,"83":2,"84":2,"85":6,"86":8,"87":2,"88":2,"89":4,"90":4,"91":4,"92":4,"93":4,"94":1,"95":1,"96":1,"97":1,"98":1,"99":5,"100":5,"101":2,"102":2,"103":3,"104":3,"105":3,"106":3,"107":3,"108":1,"109":1,"110":1,"111":1,"112":1,"113":5,"114":5,"115":2,"116":2,"117":3,"118":3,"119":3,"120":3,"121":3,"122":1,"123":1,"124":1,"125":1,"126":1,"127":1,"128":5,"129":2,"130":2,"131":2,"132":3,"133":5,"134":1,"135":1,"136":2,"137":2,"138":2,"139":2,"140":2,"141":1,"142":1,"143":1,"144":1,"145":1,"146":1,"147":2,"148":2,"149":6,"150":1,"151":1,"152":5,"153":5,"154":1,"155":1,"156":1,"157":1,"158":1,"159":1,"160":1,"161":1,"162":2,"163":2,"164":1,"165":1,"166":1,"167":1,"168":1,"169":1,"170":1,"171":1,"172":1,"173":1,"174":1,"175":1,"176":1,"177":3,"178":12,"179":12,"180":3,"181":1},"branchMap":{"0":{"type":"branch","line":17,"loc":{"start":{"line":17,"column":2},"end":{"line":21,"column":3}},"locations":[{"start":{"line":17,"column":2},"end":{"line":21,"column":3}}]},"1":{"type":"branch","line":31,"loc":{"start":{"line":31,"column":2},"end":{"line":35,"column":3}},"locations":[{"start":{"line":31,"column":2},"end":{"line":35,"column":3}}]},"2":{"type":"branch","line":41,"loc":{"start":{"line":41,"column":2},"end":{"line":47,"column":3}},"locations":[{"start":{"line":41,"column":2},"end":{"line":47,"column":3}}]},"3":{"type":"branch","line":53,"loc":{"start":{"line":53,"column":2},"end":{"line":59,"column":3}},"locations":[{"start":{"line":53,"column":2},"end":{"line":59,"column":3}}]},"4":{"type":"branch","line":66,"loc":{"start":{"line":66,"column":10},"end":{"line":74,"column":3}},"locations":[{"start":{"line":66,"column":10},"end":{"line":74,"column":3}}]},"5":{"type":"branch","line":67,"loc":{"start":{"line":67,"column":95},"end":{"line":71,"column":5}},"locations":[{"start":{"line":67,"column":95},"end":{"line":71,"column":5}}]},"6":{"type":"branch","line":68,"loc":{"start":{"line":68,"column":23},"end":{"line":70,"column":7}},"locations":[{"start":{"line":68,"column":23},"end":{"line":70,"column":7}}]},"7":{"type":"branch","line":72,"loc":{"start":{"line":72,"column":-2},"end":{"line":74,"column":3}},"locations":[{"start":{"line":72,"column":-2},"end":{"line":74,"column":3}}]},"8":{"type":"branch","line":81,"loc":{"start":{"line":81,"column":2},"end":{"line":94,"column":3}},"locations":[{"start":{"line":81,"column":2},"end":{"line":94,"column":3}}]},"9":{"type":"branch","line":82,"loc":{"start":{"line":82,"column":21},"end":{"line":85,"column":5}},"locations":[{"start":{"line":82,"column":21},"end":{"line":85,"column":5}}]},"10":{"type":"branch","line":86,"loc":{"start":{"line":86,"column":-2},"end":{"line":87,"column":23}},"locations":[{"start":{"line":86,"column":-2},"end":{"line":87,"column":23}}]},"11":{"type":"branch","line":87,"loc":{"start":{"line":87,"column":23},"end":{"line":89,"column":5}},"locations":[{"start":{"line":87,"column":23},"end":{"line":89,"column":5}}]},"12":{"type":"branch","line":90,"loc":{"start":{"line":90,"column":-2},"end":{"line":94,"column":3}},"locations":[{"start":{"line":90,"column":-2},"end":{"line":94,"column":3}}]},"13":{"type":"branch","line":99,"loc":{"start":{"line":99,"column":2},"end":{"line":108,"column":3}},"locations":[{"start":{"line":99,"column":2},"end":{"line":108,"column":3}}]},"14":{"type":"branch","line":101,"loc":{"start":{"line":101,"column":37},"end":{"line":103,"column":5}},"locations":[{"start":{"line":101,"column":37},"end":{"line":103,"column":5}}]},"15":{"type":"branch","line":104,"loc":{"start":{"line":104,"column":-2},"end":{"line":108,"column":3}},"locations":[{"start":{"line":104,"column":-2},"end":{"line":108,"column":3}}]},"16":{"type":"branch","line":113,"loc":{"start":{"line":113,"column":2},"end":{"line":122,"column":3}},"locations":[{"start":{"line":113,"column":2},"end":{"line":122,"column":3}}]},"17":{"type":"branch","line":115,"loc":{"start":{"line":115,"column":36},"end":{"line":117,"column":5}},"locations":[{"start":{"line":115,"column":36},"end":{"line":117,"column":5}}]},"18":{"type":"branch","line":118,"loc":{"start":{"line":118,"column":-2},"end":{"line":122,"column":3}},"locations":[{"start":{"line":118,"column":-2},"end":{"line":122,"column":3}}]},"19":{"type":"branch","line":128,"loc":{"start":{"line":128,"column":2},"end":{"line":141,"column":3}},"locations":[{"start":{"line":128,"column":2},"end":{"line":141,"column":3}}]},"20":{"type":"branch","line":129,"loc":{"start":{"line":129,"column":21},"end":{"line":132,"column":5}},"locations":[{"start":{"line":129,"column":21},"end":{"line":132,"column":5}}]},"21":{"type":"branch","line":133,"loc":{"start":{"line":133,"column":-2},"end":{"line":134,"column":29}},"locations":[{"start":{"line":133,"column":-2},"end":{"line":134,"column":29}}]},"22":{"type":"branch","line":134,"loc":{"start":{"line":134,"column":29},"end":{"line":136,"column":5}},"locations":[{"start":{"line":134,"column":29},"end":{"line":136,"column":5}}]},"23":{"type":"branch","line":137,"loc":{"start":{"line":137,"column":-2},"end":{"line":141,"column":3}},"locations":[{"start":{"line":137,"column":-2},"end":{"line":141,"column":3}}]},"24":{"type":"branch","line":147,"loc":{"start":{"line":147,"column":10},"end":{"line":156,"column":3}},"locations":[{"start":{"line":147,"column":10},"end":{"line":156,"column":3}}]},"25":{"type":"branch","line":149,"loc":{"start":{"line":149,"column":32},"end":{"line":154,"column":5}},"locations":[{"start":{"line":149,"column":32},"end":{"line":154,"column":5}}]},"26":{"type":"branch","line":150,"loc":{"start":{"line":150,"column":29},"end":{"line":152,"column":7}},"locations":[{"start":{"line":150,"column":29},"end":{"line":152,"column":7}}]},"27":{"type":"branch","line":153,"loc":{"start":{"line":153,"column":-2},"end":{"line":154,"column":5}},"locations":[{"start":{"line":153,"column":-2},"end":{"line":154,"column":5}}]},"28":{"type":"branch","line":155,"loc":{"start":{"line":155,"column":-2},"end":{"line":156,"column":3}},"locations":[{"start":{"line":155,"column":-2},"end":{"line":156,"column":3}}]},"29":{"type":"branch","line":162,"loc":{"start":{"line":162,"column":2},"end":{"line":171,"column":3}},"locations":[{"start":{"line":162,"column":2},"end":{"line":171,"column":3}}]},"30":{"type":"branch","line":164,"loc":{"start":{"line":164,"column":29},"end":{"line":171,"column":3}},"locations":[{"start":{"line":164,"column":29},"end":{"line":171,"column":3}}]},"31":{"type":"branch","line":177,"loc":{"start":{"line":177,"column":2},"end":{"line":181,"column":3}},"locations":[{"start":{"line":177,"column":2},"end":{"line":181,"column":3}}]},"32":{"type":"branch","line":178,"loc":{"start":{"line":178,"column":71},"end":{"line":180,"column":5}},"locations":[{"start":{"line":178,"column":71},"end":{"line":180,"column":5}}]}},"b":{"0":[27],"1":[5],"2":[4],"3":[14],"4":[9],"5":[30],"6":[6],"7":[3],"8":[8],"9":[2],"10":[6],"11":[2],"12":[4],"13":[5],"14":[2],"15":[3],"16":[5],"17":[2],"18":[3],"19":[5],"20":[2],"21":[3],"22":[1],"23":[2],"24":[2],"25":[6],"26":[1],"27":[5],"28":[1],"29":[2],"30":[1],"31":[3],"32":[12]},"fnMap":{"0":{"name":"LinkedListNode","decl":{"start":{"line":17,"column":2},"end":{"line":21,"column":3}},"loc":{"start":{"line":17,"column":2},"end":{"line":21,"column":3}},"line":17},"1":{"name":"DoublyCircularLinkedList","decl":{"start":{"line":31,"column":2},"end":{"line":35,"column":3}},"loc":{"start":{"line":31,"column":2},"end":{"line":35,"column":3}},"line":31},"2":{"name":"addFirst","decl":{"start":{"line":41,"column":2},"end":{"line":47,"column":3}},"loc":{"start":{"line":41,"column":2},"end":{"line":47,"column":3}},"line":41},"3":{"name":"addLast","decl":{"start":{"line":53,"column":2},"end":{"line":59,"column":3}},"loc":{"start":{"line":53,"column":2},"end":{"line":59,"column":3}},"line":53},"4":{"name":"findNode","decl":{"start":{"line":66,"column":10},"end":{"line":74,"column":3}},"loc":{"start":{"line":66,"column":10},"end":{"line":74,"column":3}},"line":66},"5":{"name":"insert","decl":{"start":{"line":81,"column":2},"end":{"line":94,"column":3}},"loc":{"start":{"line":81,"column":2},"end":{"line":94,"column":3}},"line":81},"6":{"name":"removeFirst","decl":{"start":{"line":99,"column":2},"end":{"line":108,"column":3}},"loc":{"start":{"line":99,"column":2},"end":{"line":108,"column":3}},"line":99},"7":{"name":"removeLast","decl":{"start":{"line":113,"column":2},"end":{"line":122,"column":3}},"loc":{"start":{"line":113,"column":2},"end":{"line":122,"column":3}},"line":113},"8":{"name":"remove","decl":{"start":{"line":128,"column":2},"end":{"line":141,"column":3}},"loc":{"start":{"line":128,"column":2},"end":{"line":141,"column":3}},"line":128},"9":{"name":"findNodeByValue","decl":{"start":{"line":147,"column":10},"end":{"line":156,"column":3}},"loc":{"start":{"line":147,"column":10},"end":{"line":156,"column":3}},"line":147},"10":{"name":"removeByValue","decl":{"start":{"line":162,"column":2},"end":{"line":171,"column":3}},"loc":{"start":{"line":162,"column":2},"end":{"line":171,"column":3}},"line":162},"11":{"name":"traversal","decl":{"start":{"line":177,"column":2},"end":{"line":181,"column":3}},"loc":{"start":{"line":177,"column":2},"end":{"line":181,"column":3}},"line":177}},"f":{"0":27,"1":5,"2":4,"3":14,"4":9,"5":8,"6":5,"7":5,"8":5,"9":2,"10":2,"11":3}}
}
