TN:
SF:src\linkedList\singlyLinkedList.ts
FN:16,LinkedListNode
FN:25,SinglyLinkedList
FN:32,addFirst
FN:41,traversalWhile
FN:53,traversalFor
FN:63,findLast
FN:78,addLast
FNF:7
FNH:7
FNDA:12,LinkedListNode
FNDA:4,SinglyLinkedList
FNDA:10,addFirst
FNDA:1,traversalWhile
FNDA:1,traversalFor
FNDA:3,findLast
FNDA:3,addLast
DA:1,1
DA:2,1
DA:3,1
DA:4,1
DA:5,1
DA:6,1
DA:7,1
DA:8,1
DA:9,1
DA:10,1
DA:11,1
DA:12,1
DA:13,1
DA:14,1
DA:15,1
DA:16,1
DA:17,12
DA:18,12
DA:19,12
DA:20,1
DA:21,1
DA:22,1
DA:23,1
DA:24,1
DA:25,4
DA:26,4
DA:27,4
DA:28,4
DA:29,4
DA:30,4
DA:31,4
DA:32,4
DA:33,10
DA:34,10
DA:35,10
DA:36,4
DA:37,4
DA:38,4
DA:39,4
DA:40,4
DA:41,4
DA:42,1
DA:43,1
DA:44,3
DA:45,3
DA:46,3
DA:47,1
DA:48,4
DA:49,4
DA:50,4
DA:51,4
DA:52,4
DA:53,4
DA:54,1
DA:55,3
DA:56,3
DA:57,1
DA:58,4
DA:59,4
DA:60,4
DA:61,4
DA:62,4
DA:63,4
DA:64,3
DA:65,3
DA:66,2
DA:67,2
DA:68,3
DA:69,1
DA:70,1
DA:71,2
DA:72,2
DA:73,4
DA:74,4
DA:75,4
DA:76,4
DA:77,4
DA:78,4
DA:79,3
DA:80,3
DA:81,3
DA:82,1
DA:83,3
DA:84,2
DA:85,2
DA:86,2
DA:87,3
DA:88,4
LF:88
LH:88
BRDA:16,0,0,12
BRDA:25,1,0,4
BRDA:32,2,0,10
BRDA:41,3,0,1
BRDA:43,4,0,3
BRDA:53,5,0,1
BRDA:54,6,0,3
BRDA:63,7,0,3
BRDA:65,8,0,1
BRDA:66,9,0,2
BRDA:68,10,0,1
BRDA:71,11,0,2
BRDA:78,12,0,3
BRDA:81,13,0,1
BRDA:83,14,0,2
BRF:15
BRH:15
end_of_record
