TN:
SF:src\recursion\insertionSort.ts
FN:9,insertion
FN:24,insertionSort
FNF:2
FNH:2
FNDA:15,insertion
FNDA:3,insertionSort
DA:1,1
DA:2,1
DA:3,1
DA:4,1
DA:5,1
DA:6,1
DA:7,1
DA:8,1
DA:9,15
DA:10,15
DA:11,12
DA:12,12
DA:13,15
DA:14,22
DA:15,22
DA:16,22
DA:17,12
DA:18,15
DA:19,9
DA:20,9
DA:21,12
DA:22,12
DA:23,1
DA:24,3
DA:25,3
DA:26,3
LF:26
LH:26
BRDA:9,0,0,15
BRDA:10,1,0,3
BRDA:11,2,0,12
BRDA:13,3,0,22
BRDA:13,4,0,22
BRDA:17,5,0,12
BRDA:18,6,0,9
BRDA:21,7,0,12
BRDA:24,8,0,3
BRF:9
BRH:9
end_of_record
